{
    "meta": {
        "version": "6.5.0",
        "timestamp": "2023-02-20T22:48:26.101812",
        "branch_coverage": false,
        "show_contexts": false
    },
    "files": {
        "src/splex/Simplex.py": {
            "executed_lines": [
                1,
                2,
                3,
                4,
                5,
                6,
                11,
                12,
                13,
                24,
                26,
                27,
                28,
                31,
                32,
                33,
                35,
                36,
                38,
                39,
                42,
                44,
                45,
                46,
                47,
                48,
                50,
                52,
                60,
                66,
                68,
                70,
                72,
                73,
                75,
                78,
                81,
                84,
                87,
                89,
                91,
                92,
                93,
                94,
                96,
                98,
                103,
                104
            ],
            "summary": {
                "covered_lines": 47,
                "num_statements": 64,
                "percent_covered": 73.4375,
                "percent_covered_display": "73",
                "missing_lines": 17,
                "excluded_lines": 0
            },
            "missing_lines": [
                40,
                53,
                54,
                55,
                56,
                58,
                61,
                62,
                64,
                69,
                76,
                79,
                82,
                85,
                99,
                100,
                101
            ],
            "excluded_lines": []
        },
        "src/splex/UnionFind.py": {
            "executed_lines": [
                1,
                2,
                3
            ],
            "summary": {
                "covered_lines": 3,
                "num_statements": 3,
                "percent_covered": 100.0,
                "percent_covered_display": "100",
                "missing_lines": 0,
                "excluded_lines": 0
            },
            "missing_lines": [],
            "excluded_lines": []
        },
        "src/splex/__init__.py": {
            "executed_lines": [
                6,
                7,
                10,
                11,
                12,
                13,
                14,
                15,
                16,
                17
            ],
            "summary": {
                "covered_lines": 10,
                "num_statements": 10,
                "percent_covered": 100.0,
                "percent_covered_display": "100",
                "missing_lines": 0,
                "excluded_lines": 0
            },
            "missing_lines": [],
            "excluded_lines": []
        },
        "src/splex/combinatorial.py": {
            "executed_lines": [
                1,
                2,
                3,
                4,
                5,
                8,
                12,
                13,
                14,
                15,
                17,
                18,
                19,
                20,
                21,
                22,
                23,
                24,
                25,
                26,
                28,
                29,
                30,
                31,
                33,
                34,
                35,
                37,
                43,
                44,
                45,
                46,
                47,
                48,
                49,
                50,
                52,
                64,
                65,
                67,
                68,
                70,
                82,
                83,
                84,
                86,
                87,
                89,
                90,
                91,
                92,
                99,
                100,
                101,
                102,
                103,
                104,
                120
            ],
            "summary": {
                "covered_lines": 58,
                "num_statements": 75,
                "percent_covered": 77.33333333333333,
                "percent_covered_display": "77",
                "missing_lines": 17,
                "excluded_lines": 0
            },
            "missing_lines": [
                9,
                10,
                94,
                96,
                97,
                107,
                108,
                109,
                110,
                111,
                113,
                114,
                115,
                116,
                117,
                118,
                119
            ],
            "excluded_lines": []
        },
        "src/splex/complexes/RankComplex.py": {
            "executed_lines": [
                2,
                3,
                5,
                6,
                7,
                8,
                10,
                11,
                20,
                22,
                23,
                24,
                25,
                26,
                30,
                31,
                33,
                34,
                36,
                39,
                46,
                47
            ],
            "summary": {
                "covered_lines": 21,
                "num_statements": 27,
                "percent_covered": 77.77777777777777,
                "percent_covered_display": "78",
                "missing_lines": 6,
                "excluded_lines": 0
            },
            "missing_lines": [
                28,
                37,
                40,
                41,
                42,
                44
            ],
            "excluded_lines": []
        },
        "src/splex/complexes/SetComplex.py": {
            "executed_lines": [
                1,
                2,
                3,
                4,
                7,
                8,
                10,
                12,
                13,
                14,
                16,
                17,
                19,
                20,
                22,
                23,
                25,
                28,
                29,
                30,
                35,
                42,
                43,
                44,
                46,
                48,
                49,
                50,
                51,
                52,
                54,
                55,
                57,
                61,
                65,
                71,
                75,
                84,
                92
            ],
            "summary": {
                "covered_lines": 38,
                "num_statements": 74,
                "percent_covered": 51.351351351351354,
                "percent_covered_display": "51",
                "missing_lines": 36,
                "excluded_lines": 0
            },
            "missing_lines": [
                26,
                32,
                33,
                36,
                37,
                39,
                40,
                58,
                59,
                62,
                63,
                67,
                68,
                69,
                72,
                73,
                76,
                77,
                79,
                80,
                81,
                82,
                85,
                86,
                87,
                88,
                89,
                90,
                93,
                94,
                95,
                96,
                97,
                98,
                99,
                100
            ],
            "excluded_lines": []
        },
        "src/splex/complexes/SimplexTree.py": {
            "executed_lines": [
                1,
                2,
                3,
                4,
                6,
                7,
                8,
                10,
                11,
                26,
                27,
                28,
                29,
                30,
                32,
                46,
                47,
                48,
                49,
                50,
                51,
                55,
                70,
                74,
                75,
                79,
                94,
                98,
                99,
                103,
                109,
                135,
                148,
                159,
                160,
                170,
                217,
                228,
                230,
                231,
                232,
                234,
                235,
                236,
                237,
                239,
                240,
                241,
                242,
                244,
                245,
                246,
                247,
                249,
                250,
                251,
                253,
                254,
                255,
                256,
                258,
                263,
                282,
                283,
                285,
                288,
                289,
                291,
                292,
                294,
                295,
                297
            ],
            "summary": {
                "covered_lines": 71,
                "num_statements": 123,
                "percent_covered": 57.72357723577236,
                "percent_covered_display": "58",
                "missing_lines": 52,
                "excluded_lines": 0
            },
            "missing_lines": [
                53,
                71,
                72,
                73,
                77,
                95,
                96,
                97,
                101,
                107,
                131,
                132,
                133,
                144,
                145,
                146,
                161,
                162,
                163,
                164,
                166,
                193,
                194,
                195,
                196,
                197,
                198,
                199,
                200,
                201,
                202,
                203,
                204,
                205,
                206,
                207,
                208,
                209,
                210,
                211,
                212,
                214,
                215,
                229,
                259,
                260,
                261,
                286,
                298,
                299,
                301,
                302
            ],
            "excluded_lines": []
        },
        "src/splex/complexes/__init__.py": {
            "executed_lines": [
                1,
                2,
                3,
                4,
                6,
                16,
                17,
                18,
                19,
                20,
                21,
                22,
                23,
                24,
                25,
                28
            ],
            "summary": {
                "covered_lines": 16,
                "num_statements": 17,
                "percent_covered": 94.11764705882354,
                "percent_covered_display": "94",
                "missing_lines": 1,
                "excluded_lines": 0
            },
            "missing_lines": [
                27
            ],
            "excluded_lines": []
        },
        "src/splex/filtrations/RankFiltration.py": {
            "executed_lines": [
                2,
                3,
                5,
                6,
                8,
                9,
                19,
                25,
                26,
                32,
                33,
                34,
                35,
                36
            ],
            "summary": {
                "covered_lines": 14,
                "num_statements": 26,
                "percent_covered": 53.84615384615385,
                "percent_covered_display": "54",
                "missing_lines": 12,
                "excluded_lines": 0
            },
            "missing_lines": [
                10,
                11,
                12,
                13,
                14,
                16,
                17,
                21,
                22,
                27,
                28,
                29
            ],
            "excluded_lines": []
        },
        "src/splex/filtrations/SetFiltration.py": {
            "executed_lines": [
                1,
                2,
                3,
                4,
                9,
                10,
                16,
                17,
                18,
                21,
                22,
                23,
                32,
                33,
                34,
                35,
                36,
                37,
                44,
                45,
                48,
                55,
                59,
                60,
                62,
                63,
                67,
                68,
                69,
                71,
                72,
                74,
                77,
                80,
                81,
                85,
                90,
                97,
                102,
                103,
                104,
                106,
                107,
                108,
                109,
                110,
                111,
                113,
                114,
                115,
                118,
                124,
                133,
                139,
                140,
                141,
                142,
                143,
                145,
                152,
                165,
                166,
                167,
                169,
                173,
                186,
                193
            ],
            "summary": {
                "covered_lines": 66,
                "num_statements": 137,
                "percent_covered": 48.175182481751825,
                "percent_covered_display": "48",
                "missing_lines": 71,
                "excluded_lines": 0
            },
            "missing_lines": [
                38,
                39,
                40,
                41,
                43,
                46,
                49,
                50,
                52,
                56,
                57,
                75,
                78,
                86,
                87,
                88,
                91,
                92,
                93,
                98,
                99,
                119,
                120,
                121,
                125,
                126,
                127,
                128,
                129,
                134,
                135,
                136,
                137,
                146,
                147,
                148,
                149,
                150,
                154,
                155,
                156,
                157,
                158,
                159,
                160,
                161,
                163,
                170,
                171,
                174,
                175,
                176,
                177,
                178,
                179,
                180,
                181,
                182,
                183,
                184,
                187,
                188,
                189,
                190,
                191,
                194,
                195,
                196,
                197,
                198,
                199
            ],
            "excluded_lines": []
        },
        "src/splex/filtrations/__init__.py": {
            "executed_lines": [
                1,
                2,
                4,
                5,
                6,
                7,
                12
            ],
            "summary": {
                "covered_lines": 7,
                "num_statements": 10,
                "percent_covered": 70.0,
                "percent_covered_display": "70",
                "missing_lines": 3,
                "excluded_lines": 0
            },
            "missing_lines": [
                8,
                9,
                11
            ],
            "excluded_lines": []
        },
        "src/splex/generics.py": {
            "executed_lines": [
                2,
                3,
                4,
                8,
                9,
                10,
                12,
                14,
                16,
                32,
                43,
                44,
                45,
                47,
                48,
                49,
                50,
                51,
                52,
                56,
                57,
                58,
                65
            ],
            "summary": {
                "covered_lines": 23,
                "num_statements": 39,
                "percent_covered": 58.97435897435897,
                "percent_covered_display": "59",
                "missing_lines": 16,
                "excluded_lines": 0
            },
            "missing_lines": [
                28,
                29,
                30,
                46,
                54,
                60,
                61,
                63,
                66,
                67,
                69,
                70,
                71,
                72,
                74,
                75
            ],
            "excluded_lines": []
        },
        "src/splex/geometry.py": {
            "executed_lines": [
                1,
                2,
                4,
                5,
                6,
                7,
                8,
                10,
                11,
                12,
                13,
                14,
                17,
                19,
                31,
                39,
                40,
                41,
                42,
                43,
                44,
                45,
                46,
                47,
                48,
                51,
                53,
                54,
                55,
                56,
                57,
                58,
                59,
                60,
                61,
                62,
                64
            ],
            "summary": {
                "covered_lines": 37,
                "num_statements": 59,
                "percent_covered": 62.71186440677966,
                "percent_covered_display": "63",
                "missing_lines": 22,
                "excluded_lines": 0
            },
            "missing_lines": [
                16,
                21,
                22,
                23,
                24,
                25,
                26,
                27,
                29,
                32,
                33,
                34,
                35,
                36,
                37,
                50,
                65,
                66,
                67,
                68,
                69,
                70
            ],
            "excluded_lines": []
        },
        "src/splex/meta.py": {
            "executed_lines": [
                4,
                5,
                6,
                7,
                8,
                9,
                10,
                11,
                13,
                16,
                20,
                21,
                22,
                26,
                28,
                29,
                30,
                31,
                35,
                36,
                37,
                43,
                46,
                47,
                48,
                52,
                55,
                56,
                57,
                61,
                63,
                65,
                67,
                69
            ],
            "summary": {
                "covered_lines": 29,
                "num_statements": 37,
                "percent_covered": 78.37837837837837,
                "percent_covered_display": "78",
                "missing_lines": 8,
                "excluded_lines": 0
            },
            "missing_lines": [
                32,
                44,
                53,
                62,
                64,
                66,
                68,
                70
            ],
            "excluded_lines": []
        },
        "src/splex/predicates.py": {
            "executed_lines": [
                1,
                2,
                3,
                4,
                6,
                8,
                9,
                11,
                13,
                14,
                15,
                17,
                19,
                20,
                21,
                22,
                24,
                26,
                28,
                41,
                42,
                44
            ],
            "summary": {
                "covered_lines": 22,
                "num_statements": 33,
                "percent_covered": 66.66666666666667,
                "percent_covered_display": "67",
                "missing_lines": 11,
                "excluded_lines": 0
            },
            "missing_lines": [
                29,
                30,
                31,
                32,
                33,
                34,
                35,
                36,
                37,
                39,
                45
            ],
            "excluded_lines": []
        },
        "src/splex/sparse.py": {
            "executed_lines": [
                1,
                2,
                3,
                4,
                5,
                6,
                9,
                12,
                13,
                14,
                17,
                20,
                21,
                22,
                23,
                24,
                25,
                26,
                27,
                28,
                29,
                42,
                49,
                52,
                53,
                54,
                55,
                56,
                61
            ],
            "summary": {
                "covered_lines": 29,
                "num_statements": 33,
                "percent_covered": 87.87878787878788,
                "percent_covered_display": "88",
                "missing_lines": 4,
                "excluded_lines": 0
            },
            "missing_lines": [
                50,
                58,
                59,
                60
            ],
            "excluded_lines": []
        },
        "tests/__init__.py": {
            "executed_lines": [
                1
            ],
            "summary": {
                "covered_lines": 0,
                "num_statements": 0,
                "percent_covered": 100.0,
                "percent_covered_display": "100",
                "missing_lines": 0,
                "excluded_lines": 0
            },
            "missing_lines": [],
            "excluded_lines": []
        },
        "tests/test_combinatorial.py": {
            "executed_lines": [
                1,
                2,
                3,
                5,
                6,
                7,
                8,
                9,
                10,
                11,
                12,
                13,
                15,
                16,
                17,
                18,
                19,
                20,
                21,
                22,
                23,
                25,
                26,
                27,
                28,
                29,
                30
            ],
            "summary": {
                "covered_lines": 27,
                "num_statements": 27,
                "percent_covered": 100.0,
                "percent_covered_display": "100",
                "missing_lines": 0,
                "excluded_lines": 0
            },
            "missing_lines": [],
            "excluded_lines": []
        },
        "tests/test_simplextree.py": {
            "executed_lines": [
                2,
                3,
                5,
                6,
                7,
                8,
                9,
                12,
                13,
                14,
                15,
                16,
                17,
                18,
                19,
                20,
                21,
                22,
                23,
                24,
                25,
                26,
                27,
                28,
                29,
                30,
                31,
                32,
                34,
                35,
                36,
                37,
                38,
                39,
                41,
                42,
                43,
                45,
                46,
                47,
                48,
                49,
                50,
                51,
                52,
                53,
                54,
                55,
                56,
                57,
                58,
                70,
                71,
                72,
                73,
                74
            ],
            "summary": {
                "covered_lines": 56,
                "num_statements": 56,
                "percent_covered": 100.0,
                "percent_covered_display": "100",
                "missing_lines": 0,
                "excluded_lines": 0
            },
            "missing_lines": [],
            "excluded_lines": []
        },
        "tests/test_splex_api.py": {
            "executed_lines": [
                1,
                2,
                4,
                6,
                9,
                10,
                11,
                14,
                15,
                16,
                19,
                20,
                21,
                23,
                25,
                26,
                27,
                28,
                29,
                31,
                32,
                33,
                34,
                35,
                38,
                39,
                45,
                46,
                47,
                58,
                59,
                60,
                61,
                62,
                63,
                64,
                65,
                66,
                68,
                69,
                70,
                71,
                73,
                81,
                82,
                83,
                84,
                85,
                88,
                89,
                90,
                91,
                99
            ],
            "summary": {
                "covered_lines": 53,
                "num_statements": 59,
                "percent_covered": 89.83050847457628,
                "percent_covered_display": "90",
                "missing_lines": 6,
                "excluded_lines": 0
            },
            "missing_lines": [
                74,
                75,
                76,
                77,
                78,
                79
            ],
            "excluded_lines": []
        },
        "tests/test_type_check.py": {
            "executed_lines": [
                1,
                2,
                3,
                4,
                15,
                16,
                17,
                19,
                21,
                22,
                23,
                25,
                26,
                28,
                31,
                32
            ],
            "summary": {
                "covered_lines": 16,
                "num_statements": 16,
                "percent_covered": 100.0,
                "percent_covered_display": "100",
                "missing_lines": 0,
                "excluded_lines": 0
            },
            "missing_lines": [],
            "excluded_lines": []
        }
    },
    "totals": {
        "covered_lines": 643,
        "num_statements": 925,
        "percent_covered": 69.51351351351352,
        "percent_covered_display": "70",
        "missing_lines": 282,
        "excluded_lines": 0
    }
}