TN:
SF:src/splex/Simplex.py
DA:1,1,ydCxunymauVRdfWlNGpIBA
DA:2,1,IWWjrCeOtk8NNtrE95++2g
DA:3,1,rJnrVpNntKuBoOmsk/n9EQ
DA:4,1,7HpIEQVf5K0efdTzo05mJg
DA:5,1,umATKwssyto8omFRuDpYVA
DA:6,1,eVv98dBFNs6hRAdRL8sJdw
DA:11,1,/S8d/HVFLOL/gTU2e/TkhA
DA:12,1,JkC14B/1oMUKt7q0yAhOsA
DA:13,1,ry5bO6NPrK+sEkdaXaNDrg
DA:24,1,m+qztwGavpjBmPer4wcRlg
DA:26,1,8meopPW7WPai/YIt6z/7Xw
DA:27,1,qFjrWzR0VvmMqY+tokwz/w
DA:28,1,Jk4UPcgQVGXkBIozWzSuLw
DA:31,1,sXre8z6tYC9K8H/lTbD2sw
DA:32,1,s6bY9SFIJEkctUh/sTci9g
DA:33,1,ZSsNF/jEjlUeZIkzsMv+GA
DA:35,1,KQSrVvR517GELCUXQSEtRQ
DA:36,1,yGX52b4vRu9In/64dH+svg
DA:38,1,QS5B8UVi0OFF+N4TWcxQlw
DA:39,1,ac2gJjtGz0DwWoJ5X3cSGA
DA:42,1,JE4TFkRWcHDUoerikZL6zw
DA:44,1,LhFVFYoKNFXsHdyDoHYApg
DA:45,1,Q+JP2+jmne6lt74TovIgvw
DA:46,1,w9gdcCYlqHT20rNOhJEYfA
DA:47,1,jP8C9fn8QTx47YYawDC6Fw
DA:48,1,pv4NAWyQ8cWPVw5v2vUPDg
DA:50,1,YRY46KcdrGKp+JtYSu8M1g
DA:52,1,5NXxyFFN0nJsMyD8ceOfnA
DA:60,1,pJqGILAjn/NM62+kxBNKJg
DA:66,1,yw05yMO3wWoWdaE6/tSxpg
DA:68,1,fEsU2Tq1agR0WKj7TU0Pew
DA:70,1,YXvhqsIdevYkg9pratFv8A
DA:72,1,oRBg5k+Bno2Pbem+lJREGg
DA:73,1,qAcICxjhytCl0ywwF5nKaA
DA:75,1,AX4RNZtpiUaZXlaL3rVoZQ
DA:78,1,1oMTbka7C8LE6r5MZOkTwA
DA:81,1,Z17n+zVwYtDrsciPfvFKNg
DA:84,1,Ry5WTWVnUMQmT6XEI7SEFQ
DA:87,1,9hl+LmPPxLwwbp0VFrJLLA
DA:89,1,9rojXA2BdyhId2+pJUdy+Q
DA:91,1,K83KEHAi9IZCrJ4/jtCeNw
DA:92,1,vhvglB8X/ba2m60V1oPbxg
DA:93,1,K7ZMwQnMT4ULHvX9c12Fgw
DA:94,1,PT4ipxl4M3Z1GakAukk9ew
DA:96,1,k0kvBQbeYDy7PBYp6RrTuQ
DA:98,1,beyC3msBNSqYzjXmOLBRRg
DA:103,1,7yobZGyNIN4sDJnQ/q5mGA
DA:104,1,U0+V8fElOsfIGca5Wl6TSw
DA:40,0,w9gdcCYlqHT20rNOhJEYfA
DA:53,0,8nqLIwrAu+6u3Ljz4kGqXQ
DA:54,0,w9gdcCYlqHT20rNOhJEYfA
DA:55,0,jP8C9fn8QTx47YYawDC6Fw
DA:56,0,pv4NAWyQ8cWPVw5v2vUPDg
DA:58,0,XP/vpVDDKtvqOWAZxPRTLw
DA:61,0,ENI//IYoaDtlxiH4NafN9Q
DA:62,0,w9gdcCYlqHT20rNOhJEYfA
DA:64,0,EAu9mDHXjeQcI5ClhgPkFg
DA:69,0,s4CGmFQDQ6z+gxVFUZUlRg
DA:76,0,S0OTENw6bmCn1dsnE+vJuQ
DA:79,0,dBUkMWTH+gEWB8MmvrkXAg
DA:82,0,SUor/Qt6j3LuhPZ6DkLohg
DA:85,0,4u/CZiJ+azITkjVOIaBoYA
DA:99,0,Vs2rJUotg8iJDHMqrh8qnQ
DA:100,0,p4n+XEzEXtViRNGxjmHg6g
DA:101,0,sW36gaOCfX1BCyYsfOrDRw
LF:64
LH:48
end_of_record
TN:
SF:src/splex/UnionFind.py
DA:1,1,ydCxunymauVRdfWlNGpIBA
DA:2,1,lwROLWMrFjknuHBoj/cydA
DA:3,1,5cM6dcvWuUIajEqhiYseCw
LF:3
LH:3
end_of_record
TN:
SF:src/splex/__init__.py
DA:6,1,TMB2Zt8QlAoLl+garmCcTQ
DA:7,1,NEbC1jQoD7CXogm2A8HmZw
DA:10,1,/whxpQ5sRbITb2ImQ+utpA
DA:11,1,hvSHgvaGYv3ICmdrQvIRDg
DA:12,1,lwVggBup3lmLvv247ddv1A
DA:13,1,ikwhaaDGlkK/BKMwFrih5A
DA:14,1,OC8LCD/Z+lRC9nVUJegFMw
DA:15,1,tyb5PVzoi98cr3TRpAhW+w
DA:16,1,5MgjXAuQaAtXvzinpWRkww
DA:17,1,TfLtjoZkeVs/FfM4aAUvUQ
LF:10
LH:10
end_of_record
TN:
SF:src/splex/combinatorial.py
DA:1,1,78zRESXnFoatK9wPfSXlHA
DA:2,1,9AfJ5+MzmRC5cExuCse5Tw
DA:3,1,KoZ+Lzo8/Q0pEEfJ0tf+DQ
DA:4,1,rJnrVpNntKuBoOmsk/n9EQ
DA:5,1,r2E5ao0EQCu19weS/Odgdg
DA:8,1,ncMJVq9I8eA58Nu2yM5aqA
DA:12,1,jZst3R/PCDx1pYoaMSrJfQ
DA:13,1,xkdMONcHCxIO/s/l9k5SiA
DA:14,1,t8GekDoMRNxKM3LtxfxuXQ
DA:15,1,GdJLJkhkS3fxTZgqzssABw
DA:17,1,6B+KzMzA332cMRJwd+jh5A
DA:18,1,9/m54FavPRUzckFPJNmtKg
DA:19,1,EGSqhxTgYhL88eaW0Z7Wvg
DA:20,1,no4oK8+eL/CRKSLzdeeVdA
DA:21,1,V2KIMrn+DKj67Y7sLvaT5Q
DA:22,1,NXUgDFH7Jsoy3RPRQYtFXw
DA:23,1,rlZgamB85rAenUcUIxXgAw
DA:24,1,mWWxE//tri/hPvVC7W0h4g
DA:25,1,DLlB7xEiioDWCFTGhJZ1Uw
DA:26,1,rma9UlwDGXftUsFeJOzuNw
DA:28,1,0S8g46vywFcRBR2Ra3lB0g
DA:29,1,429KD93b6wyTb5gFQ4WF1Q
DA:30,1,U+9iSshf4TBnaCQnr1LzuA
DA:31,1,23VVXgsqMGXaeJRPTeLSMw
DA:33,1,g/DUFV5UpeoAmILTn2MrTw
DA:34,1,429KD93b6wyTb5gFQ4WF1Q
DA:35,1,quUSmvQOapvDc31iM9ottw
DA:37,1,OWmhaILzrAez0DIRZ76bfw
DA:43,1,BfbeGVFJ4wBhjAz7tc03mA
DA:44,1,+1LQ8st0t6S2m+TwlhNsFQ
DA:45,1,zzL2F/3U1uwxJftxRtLtcA
DA:46,1,aR7mESbrUi6T2REi3hxLJg
DA:47,1,rInu0OAGIlMtF09atexYNg
DA:48,1,9rLycF66D8jZhileOprRlQ
DA:49,1,1FcyH3gFbO0RKEEMzUiuwg
DA:50,1,g6i3RJVaJw2BxYsvQVGSrw
DA:52,1,mU1H7lCZWNl0/bcbX0wRXQ
DA:64,1,fcx5C9BXsmvloX/6gTgeLQ
DA:65,1,GwSQjHqsTTMxvmJJu6XG6A
DA:67,1,vTrp+Pa0Mq1xsw3OOZe9+A
DA:68,1,UIJcpC1TQ3SrTlhPc2I5dw
DA:70,1,JfTo8P/TSn2ev8G2elGHow
DA:82,1,fcx5C9BXsmvloX/6gTgeLQ
DA:83,1,29p5LUrzsWtA2rxInj0Amw
DA:84,1,Av1WKU+rFE7i9VcBhDoKag
DA:86,1,8hKl69MqHtWtUzvPR7K1zg
DA:87,1,cunn0xs6ltQnSttTbhUh8Q
DA:89,1,vTrp+Pa0Mq1xsw3OOZe9+A
DA:90,1,29p5LUrzsWtA2rxInj0Amw
DA:91,1,1ojOY+xJga9qEyN0s/vndg
DA:92,1,v/hDGAcZLiHqGug3bWCZiw
DA:99,1,mwQJxhLsGUSvwPl5jfvZPg
DA:100,1,1jOVs1P5R2aiUaG0BNAEbg
DA:101,1,r5OZLxNfraLr31rY0MDArw
DA:102,1,CtTsmYeOBwLaz4v8ZdxHdQ
DA:103,1,t4mm+hVgcqeWhGR9vKnjFw
DA:104,1,MtTiUqe5zQavhMw4fp8CnA
DA:120,1,os+YsRpHIVzOdqdOmKrWaw
DA:9,0,3t96ZdzkwPu5lyc9aQBFdQ
DA:10,0,5VTEdeWJaFFf/dNd/fzVzA
DA:94,0,2+52WHsz6AIXXXvGM1iLjg
DA:96,0,8hKl69MqHtWtUzvPR7K1zg
DA:97,0,utByJFHvaXniRI1/NsSV/w
DA:107,0,Xj6hYrmpNaY62Y0VZSLYWg
DA:108,0,Tde/3aUHXCOrG5DZ6dHGVA
DA:109,0,wbBnJBRkLkLBSgSksxBllQ
DA:110,0,1QKmBqQ3TdCObYbEWqQugQ
DA:111,0,/PwznP7W4E7pFlV/6oYOdQ
DA:113,0,J4QvWwER4dyIkwna3mczaQ
DA:114,0,aIQibwMoTjFCR32WG91VrQ
DA:115,0,K/LeYh2GTJyfAn0IXFtcng
DA:116,0,kXnQ2s8P1L4JB8HjWYB/lQ
DA:117,0,2G1FOG2B8CBlxrfWoXgZ3g
DA:118,0,JBYVFMv8+WCkrCW8XDAabw
DA:119,0,uQTKNYWMJNHmubRrVDxOnA
LF:75
LH:58
end_of_record
TN:
SF:src/splex/complexes/RankComplex.py
DA:2,1,Aj6awQVN9Y6YHMf/11x9eQ
DA:3,1,78zRESXnFoatK9wPfSXlHA
DA:5,1,3ivRefREk1Isebwldx1jNg
DA:6,1,OJkVNVZbHB0uPqX++XZKAg
DA:7,1,y8q614AibGxhsErj0h9VDw
DA:8,1,E+naeBe/h2tGx3+f80Fhcg
DA:10,1,dk3idIPtgWPVzIPHc1ASeg
DA:11,1,z+MsqN293Ved29TnIyznKA
DA:20,1,RiPAd9FqCWg7llB43xpOUA
DA:22,1,TzbG6/M26O8IUKjkdnV6fQ
DA:23,1,Eg9bw3+bnPa1OTOH0W7vFA
DA:24,1,aKFq8qqSYnaXI0FjENKD6A
DA:25,1,sDjO6q9v7mpU9aMd8TUxcQ
DA:26,1,4Fw1bEn9/AoC3yXXvZ6etw
DA:30,1,u2vxl4T4zz/BYpR5J5UELg
DA:31,1,T7sKs0hwKkPrz/+reDzNSg
DA:33,1,ATrBh4JQV0McHhNyU3RCwg
DA:34,1,6mAwGgqXCdo3JgIJTuHOow
DA:36,1,Ogi2Gr1AD1HI20fHX66imA
DA:39,1,JPGcy6K7jU8ozSBQw4/nhQ
DA:46,1,czZdPkYWJ7D1lSpzEdMgPg
DA:47,1,ivS2Ajwfv/PAPp0L0zyoKA
DA:28,0,RqDKgwxp2dolTZRss7kRtA
DA:37,0,4TfTps05wEcMHg1cgE8tXA
DA:40,0,YHjEb8VzD+mpjT68jPA9mQ
DA:41,0,lOskQfs42Yi+MefD4duavQ
DA:42,0,vsG1Q7dB+35wxL76BzAMGg
DA:44,0,ntMEH/m3yJZr2aAi76Fpdw
LF:27
LH:22
end_of_record
TN:
SF:src/splex/complexes/SetComplex.py
DA:1,1,IWWjrCeOtk8NNtrE95++2g
DA:2,1,tmiVaT+10pZKovSc0bVd9g
DA:3,1,hyiLt9+20KrO3HlHqMzT/g
DA:4,1,rk/lnQPEDP8OZhDHPFs4ig
DA:7,1,cMAe4ITUu9ZGDGHTR5KaEA
DA:8,1,q87tB3fC6ekGHy5GrrPakw
DA:10,1,msjtbx8wwgUiGfMIwFo0hw
DA:12,1,PePFLnzGDP4crSycbzHB7g
DA:13,1,YGjdscck9o6cgi4w1UohHQ
DA:14,1,Yq/pl93pHAmSCfFmujl/Gw
DA:16,1,suTcyL+U44eJXdKyJpknsw
DA:17,1,h66JKHcfXKEJJk4XvCa33A
DA:19,1,2Ekokduli+ycRWHK3EPm3Q
DA:20,1,BaWhe5t4JpKEEOWuba1D4g
DA:22,1,tQYm9MgvZrBQrLEq/NjWaw
DA:23,1,D8pohMqIEYYVrHr6LbajWw
DA:25,1,IYhxaLaSifMbexypQvgJ2g
DA:28,1,SM1CcCAx1R8dqO9E815bNw
DA:29,1,K7ZMwQnMT4ULHvX9c12Fgw
DA:30,1,psFDNrzpICCuBWjumHzZBw
DA:35,1,LQ5IYZuu7viOqdtr+uV/tQ
DA:42,1,Qa+r+sIFZbtE15si2s/0aw
DA:43,1,TKGCRl2+dITEYiQiV+GU5Q
DA:44,1,+CnGr+ej07+zIWnReiDtmA
DA:46,1,5SZwMyXI8KbH/BnkpUglag
DA:48,1,hstNYaBOkfZQX6ZwwRXWnQ
DA:49,1,Lhok5g3+UuJppXpt8uiWyw
DA:50,1,D5AR0os3HTq6S/OnWooqtw
DA:51,1,jWOlSpYRuRMkdcSW5nASgQ
DA:52,1,fdCuV6JMuMcYyUhiCApKig
DA:54,1,kzqi5XplKiH0jnuJwIWg5A
DA:55,1,h9dsOV5eUKhIMa6wo9Vq2w
DA:57,1,6JrBXcBs3ZhIbDXFqja3sg
DA:61,1,GQMAEiTCgGZrFZrZRtU/KQ
DA:65,1,LWyj2wEbrapwu2o5H5ccuw
DA:71,1,gbq1wKbmm/d15hM6sYX9JQ
DA:75,1,alOYXOgcRZtInn9U/OUlmA
DA:84,1,p1hkJGzD75kBCCHLxOnDaA
DA:92,1,9mlULvX5ZRydZRS/7vW9Lg
DA:26,0,X+krBqWkbgY8RHxCaC4YPA
DA:32,0,vW1b6GURXTRNkV0Z50IieA
DA:33,0,o0WbbXNQaMWCYBTIUsAltA
DA:36,0,Yv7IZECWEE8TJllqgz+dAw
DA:37,0,eCWiYOz6jGYasOXhwvHQaQ
DA:39,0,km25+p+ggPpaI3BwSSbTuQ
DA:40,0,LWCKNlwgn3ucpuv4wHp+9A
DA:58,0,xucZiuAcVvivn2UvkoNR5A
DA:59,0,vzibrwUIRGGKstns10mKwg
DA:62,0,dTOaGy1IxvLOZUR6Ds0t1w
DA:63,0,vzibrwUIRGGKstns10mKwg
DA:67,0,s8wkF/eTvSEhhh2IrB9Rpw
DA:68,0,pbIsZPl+RMNp6uhrZ5XDZA
DA:69,0,RWlwRCgoKDxpHlkN40GjQg
DA:72,0,9eL6ST1+4+i6ZKlVN7IArg
DA:73,0,ONLstihx9DdVW6YJxXG9Xw
DA:76,0,M5TnpaAT+LGzsj+5Bb7beA
DA:77,0,Z+kyvgsxrS51/0uevFmLEg
DA:79,0,ENaMM3LkH5elzc6rH/Wp+Q
DA:80,0,3YaTWI0URJqQmoIuWPjjMg
DA:81,0,XVcfmP4HAIstCSJpPw8CJw
DA:82,0,2vwvhRYjjW4GdlH6/s9NfA
DA:85,0,EA6RM+W1FxGQD8inVHn5fg
DA:86,0,lHPeDEzuCy+ny9yOHVlGpA
DA:87,0,2hJ6JR7RxFfAdFcisiREJQ
DA:88,0,t4l1BNFpFETCCQhV1MBcDQ
DA:89,0,/n3zWZOTA3OIE45K/tIAKA
DA:90,0,AexTfISHsWDuRw3/PziRhQ
DA:93,0,14GlOKRtWH/GL8Kt2/aq7g
DA:94,0,7pi86at4wrtDxg0kZWqlLQ
DA:95,0,tu9Nu9LBaMOEM081qiDL8g
DA:96,0,0jQKqEymZGXJNH/tIypjnA
DA:97,0,JNgrazVCtZUTptTd6g1pGw
DA:98,0,DVlyx/YwJK7oXvc3KP3+sQ
DA:99,0,zgXVEa3Kh6/TTAJAJToAcw
DA:100,0,nGym4Ciq4Eoc4thmJYiGEw
LF:74
LH:39
end_of_record
TN:
SF:src/splex/complexes/SimplexTree.py
DA:1,1,ydCxunymauVRdfWlNGpIBA
DA:2,1,lwROLWMrFjknuHBoj/cydA
DA:3,1,rJnrVpNntKuBoOmsk/n9EQ
DA:4,1,FCvNLqQKu7KvofRLV0PUMg
DA:6,1,78zRESXnFoatK9wPfSXlHA
DA:7,1,tmiVaT+10pZKovSc0bVd9g
DA:8,1,SbW6kKK9QYuYMPijjtF4Tg
DA:10,1,HI7O1GARtCU8ic0Dlpwhaw
DA:11,1,KkRas50/VIC+mY4OUAlRhg
DA:26,1,qupdHleumI9+U9Wuh7s1JA
DA:27,1,OSk/H+pJhNH+bzbkC3MFkA
DA:28,1,9jza+49KZX6yQ76+gY5sWA
DA:29,1,/6Ytj6t/wyxfkzXE8NJ+EA
DA:30,1,7R4B+NTEaGuAjOP2Kx6tqw
DA:32,1,rIgQ758I+121RAFH+QMdVQ
DA:46,1,XKBT+vYMWaVusCW0jcDTAw
DA:47,1,yh1Wi14YrN3v1LKoC5ju0w
DA:48,1,pG+ccJ0u3isy2k2rx09bsg
DA:49,1,OX66Mh0v/ghoenIQfatcbw
DA:50,1,0XEFpoV9/OI4fCe6z6/MWw
DA:51,1,fuMJYoCDM197Yx0TWfOUzA
DA:55,1,CM79APVd0aRq8eo7t52CRg
DA:70,1,XKBT+vYMWaVusCW0jcDTAw
DA:74,1,0XEFpoV9/OI4fCe6z6/MWw
DA:75,1,98KCN6M6B3U9u0MArVNpwg
DA:79,1,FyXo75iK6hf/2YGgnT8YIg
DA:94,1,XKBT+vYMWaVusCW0jcDTAw
DA:98,1,0XEFpoV9/OI4fCe6z6/MWw
DA:99,1,o5pChLOz00qDoAwbG1Ol+g
DA:103,1,R/9l9LSO7RhNoSpVQFXlxA
DA:109,1,iRMVwOagL88qhXm/VdmwKQ
DA:135,1,98jvPj9lUzLqUccYSy9pWA
DA:148,1,u7PkJRcQVd3EFUnNMAhr9Q
DA:170,1,BMGOpkvqSSGGzWEDiyC/1g
DA:217,1,4M8UwnL1k+gvK0/bgCzMsg
DA:232,1,WhOwtZHyj+8B6eXno3n+JA
DA:237,1,YT8yo2Se7dmqlbIi2qVOpw
DA:242,1,yYpjgvrNTFbC7rYNPV7HJw
DA:243,1,1upqkw7ZnmiVNxjEaT7HLg
DA:244,1,Kgbd7nHOdjVtD3tl62PT+g
DA:245,1,kaedQzS+Cpey2K4ijCQRhA
DA:246,1,V1kmrwBMPJSdLLpeOSC2dw
DA:250,1,QSlJOgcLg1+T/XE1F91OEA
DA:252,1,BiIy7k9FzCPP9MclagiRww
DA:257,1,tdZd7Y4LdOnMiRUdX7tupw
DA:262,1,xho/WwKpsvBV1fUu0MXa2g
DA:281,1,0yg2VA1Ss6vD2xudDwF3wQ
DA:282,1,FWQ9lJ/+JpiqPNHpDH+wjw
DA:284,1,2lppK6CNfV2sfLB/0GTOlg
DA:287,1,IAbkRN8qqvbBJDqzaDbBMg
DA:288,1,ewJyRtyqDovgLKx2JwF18A
DA:290,1,/DlIt4G1aM776GQH/X0ZVw
DA:291,1,iZBm6zougaxaJFKTdQiFGQ
DA:293,1,ZrINETyr02f6LHmHD21r0g
DA:294,1,+7Zp7G+G6DyCcwltT+9IpA
DA:296,1,tzijKA3XikPMreGXUaU9og
DA:53,0,RQKeLspxdfkeO7Ki757XlA
DA:71,0,yh1Wi14YrN3v1LKoC5ju0w
DA:72,0,pG+ccJ0u3isy2k2rx09bsg
DA:73,0,pXQE+Dah7aawIJ5ArMkeCA
DA:77,0,RQKeLspxdfkeO7Ki757XlA
DA:95,0,yh1Wi14YrN3v1LKoC5ju0w
DA:96,0,pG+ccJ0u3isy2k2rx09bsg
DA:97,0,Irz5EByHOyfDF7LZWFU8ZQ
DA:101,0,RQKeLspxdfkeO7Ki757XlA
DA:107,0,STyehOhLyQ2SyGw+4q7XeA
DA:131,0,g/azJTxsNb6HBmJ1fzAr3A
DA:132,0,AlbvmMkaSwcmwtQOycYguA
DA:133,0,7Akqhng6xCXFpzg0pgSv9g
DA:144,0,HSbRpylRLTg50sQlJQp1yQ
DA:145,0,HiEZ/EYUMVq8VyKha8Ho2Q
DA:146,0,6KBgUoZLh241R1zMVOXY1w
DA:159,0,Nn+NSBElJDHRYeK4ZJzmsQ
DA:160,0,PyE20BGoa3TVXscE1nJdzA
DA:161,0,yOTbE6aq2OEzeMYfYxmOXQ
DA:162,0,j06Ho9sGSYjaDi+hmfR+GA
DA:163,0,5ZX4i628aiJCCgtdgEaQrQ
DA:164,0,mJvtSd+uJX+h/55ZRuSPvg
DA:166,0,wFxAkfpUqc7QnmxnmeowAQ
DA:193,0,SDULyWA65/ePQjSMa4L5gg
DA:194,0,M2JNotvfyFl8e5iiadSB0Q
DA:195,0,LWyTK/iSBm64+4C5WQA7+A
DA:196,0,JlmL1QARY960/JwVnocl/Q
DA:197,0,kaR/a8d2SwNwQZpTMLt37g
DA:198,0,RMMAJ6JPIFf4pSsSIAOhQg
DA:199,0,XycGJ5KMlpjiJukLtPdqTw
DA:200,0,L1FvQGs4KSfhm+vCMh12Pg
DA:201,0,DOaCdK3aJZUxFRUP3uBxHw
DA:202,0,uqJr4CFtvZwaB6rbKObSrA
DA:203,0,q3vDhqmkGLDLoY14sgBZfw
DA:204,0,7gc+FtcsKTofEDKUwVtrWA
DA:205,0,/ucDAgZ70kiefBnPX1BJsw
DA:206,0,PKPhVz6JDEGr8KHowN1OXw
DA:207,0,zxASr00isOzSFHRIPTO60g
DA:208,0,BkGeP/K4EQQK6/+mtTYcvQ
DA:209,0,JuZ6+Fo9HHE/9PVt9w90YA
DA:210,0,iszW+tqhxfYY+KdATICojw
DA:211,0,oFHPQnjF/SxTmbeq3TXrFQ
DA:212,0,Ky2kIn/w94/JS7aXKbJTyA
DA:214,0,yY1w7tH3O4TVaWY6QXVkfA
DA:215,0,ntF0xOf+VrNtYx2N6x1jUA
DA:228,0,1upqkw7ZnmiVNxjEaT7HLg
DA:229,0,5qrpa0IpOBo3xjBZGe1yJA
DA:230,0,QSlJOgcLg1+T/XE1F91OEA
DA:233,0,1upqkw7ZnmiVNxjEaT7HLg
DA:234,0,d/L2VvscWLauE/KAHGtiDw
DA:235,0,QSlJOgcLg1+T/XE1F91OEA
DA:238,0,1upqkw7ZnmiVNxjEaT7HLg
DA:239,0,L+8d2feBV0Yb6FRVAEVq7A
DA:240,0,SPktjF+bScball3FAOfpzQ
DA:248,0,FDvSHz+R85s0kOXEz8lFvg
DA:249,0,50CV405CcOclpUSH7vFzpw
DA:253,0,1upqkw7ZnmiVNxjEaT7HLg
DA:254,0,DK4H0ZB2flzhL8CprXWdoA
DA:255,0,QSlJOgcLg1+T/XE1F91OEA
DA:258,0,1upqkw7ZnmiVNxjEaT7HLg
DA:259,0,xzkm6SmUBoIbq0JnEqd2Zw
DA:260,0,QSlJOgcLg1+T/XE1F91OEA
DA:285,0,xLhXaLUi1UomYI1uKpQTZA
DA:297,0,Kgbd7nHOdjVtD3tl62PT+g
DA:298,0,ihADTDYw+yFne52/OWq8Lw
DA:300,0,2T1Kfg3alCdA5bEZmU+Xow
DA:301,0,xb0lxmJOa93xi6GHPuAyFA
LF:122
LH:56
end_of_record
TN:
SF:src/splex/complexes/__init__.py
DA:1,1,tmiVaT+10pZKovSc0bVd9g
DA:2,1,8qaPpG3OnicZUjNZ0xuvkw
DA:3,1,xSmcSfQKIVS2DFbH4fTJMg
DA:4,1,6BUTb53PnJjcBCdudgmwLA
DA:6,1,K1lHz+9PsZQVjg3heAPmpg
DA:16,1,utLX5qgCiom/Ff1MDf+wMA
DA:17,1,kD1NHmSC+hptltWa4F0DRw
DA:18,1,se2/YzckxkSmM9wKuwhBQw
DA:19,1,6GgSBDsOPRJ501TEAMs8MQ
DA:20,1,wXHC8EmYlqomHT5DHsx4Qw
DA:21,1,ssyuJltJWICdAFuTuojjcQ
DA:22,1,7hgL76xbHJakB48rtVgCWg
DA:23,1,xUH4Rucnu76pjm+F016EMQ
DA:24,1,8PeW3/mUP4YKpwVwSgo8DA
DA:25,1,V96bOUj7hcT93aisJmRZcQ
DA:28,1,8bhjnExhvS0AYbgh50uaKA
DA:27,0,4L+MEE+Q4sC0YoR6zc0I/w
LF:17
LH:16
end_of_record
TN:
SF:src/splex/filtrations/RankFiltration.py
DA:2,1,Aj6awQVN9Y6YHMf/11x9eQ
DA:3,1,78zRESXnFoatK9wPfSXlHA
DA:5,1,3ivRefREk1Isebwldx1jNg
DA:6,1,OJkVNVZbHB0uPqX++XZKAg
DA:8,1,chzKj2XKUlASjSDiuoXF2A
DA:9,1,iYdZBg0D9Oaq8hJ4rBZLDg
DA:19,1,P9SR+A4rgcMKaGhMMnaJAA
DA:25,1,AE1rG5EivIYXEWuQMcmu/w
DA:26,1,NcbQgKOYYY5z7DVwe5RXSw
DA:32,1,rXLaQsp0i6FlSCpkd5oF2g
DA:33,1,9bT3QRup00kxqfccYVOs9Q
DA:34,1,qAX2njc7387ScmfMmIRwGg
DA:35,1,vVf9sF0tC/vG36J8NsuYCQ
DA:36,1,su7pKf2kS8MYpG8SEzMCsA
DA:10,0,1xey4Zvf+RETLwm4yXJWlw
DA:11,0,CV8r0LPZIEyVtOQQVEN0KQ
DA:12,0,GhoJ1wUscp7K3oCltWODLQ
DA:13,0,c62ZKC45G0VuvgR6P+MyvA
DA:14,0,frTcyEwa8OFmzeVV2zCuQA
DA:16,0,aqPDKJFSKwgz3RZ3ZZP3IA
DA:17,0,p68xUjFab2wMwtdTI4HVDA
DA:21,0,EabXTa9p89d+vFSDBhbiOw
DA:22,0,eIehgwER282upBHDxIePJg
DA:27,0,O+nQINjbFc7If9sM0Zb4Uw
DA:28,0,98eulgX6h0mJlmDd9b0gtg
DA:29,0,399gEuLh0iNV++ML3C9Scw
LF:26
LH:14
end_of_record
TN:
SF:src/splex/filtrations/SetFiltration.py
DA:1,1,vK3zqggQnUo7HGKE9onckw
DA:2,1,3ivRefREk1Isebwldx1jNg
DA:3,1,hyiLt9+20KrO3HlHqMzT/g
DA:4,1,ppqWuWJ7JYrPvNcRCLJN6g
DA:9,1,6kfTfj1J195Kx5xGzBSj4w
DA:10,1,RGk8VUnllIOUzyI8U5NGHw
DA:16,1,IOfxPZc33odJL0PeHJkLXQ
DA:17,1,wEvhcXh4DO4PKl4hkakd7A
DA:18,1,ReC+KodED6U+A3nxSqp86w
DA:21,1,WEXr09h/NodQ7xPITbJ2qA
DA:22,1,0jhmMb0wqDWJwDZQ1Myf3g
DA:23,1,l5DRCwbcpbiUWADWKu+ObA
DA:32,1,KzCiKxlXHBh5OH47Zs5A+A
DA:33,1,muc83Mx7jhpUvdZcBfSXsw
DA:34,1,YGjdscck9o6cgi4w1UohHQ
DA:35,1,bGxmGUcKDklhy8o8Qxq1VQ
DA:36,1,4lfjoJEPnnezhG38IJZS9g
DA:37,1,SrzbEwtb/Qe7wtVKFNVTig
DA:44,1,qHY8LSCEJFh6mmsFGCKDNg
DA:45,1,4lfjoJEPnnezhG38IJZS9g
DA:48,1,BlMpa7tuekExDbbtwqsQEg
DA:55,1,OgBqtEEA1DtOkCQxmww2hA
DA:59,1,sCQMAtCe6RelDMs+ln/hiQ
DA:60,1,kBzPoTdngJ/Dp1MErczCsA
DA:62,1,IsJBezHEX/W4A2TDloDfDA
DA:63,1,zZO+zb8atyA7l8kc9DiDCQ
DA:67,1,DHHJRy6NioRVgM9VmPNJWg
DA:68,1,K5SAX+4nbAcSrViZ0j951g
DA:69,1,tSyltTnJjDeakQyEY2vAnQ
DA:71,1,nvZaqQhOHLRWXv6XqhdF1A
DA:72,1,BVNQdPa6GRZUTXZEAEkOiw
DA:74,1,YZXTCVuEFjyABI0SGADFhg
DA:77,1,tQYm9MgvZrBQrLEq/NjWaw
DA:80,1,jymmneKmJhuRiDJHVylb/Q
DA:81,1,TNg+uzJ68kJTVtuAi2AZ/w
DA:85,1,uWOLjFIm9SAPlUTo3WVvrg
DA:90,1,XcwpvDEdDMed+geWyVmKcQ
DA:97,1,ypTk1MbRrrR/VL+k6NRl1w
DA:102,1,3a/EFveFmjtnL1DX3EQzOw
DA:103,1,k/QASSUUxkzsjBws7On4Tg
DA:104,1,w9jWXcAJpaeaY+OCVRqDig
DA:106,1,nAxAFOElX0tlNS/JBdCwqw
DA:107,1,9AIaV27bgO8S1jBMTjEhPw
DA:108,1,N3m1GyOWmAmyGf9B+6QbUg
DA:109,1,A9ZCSKKysWtrY2AzxFR3PA
DA:110,1,TvAMCrOUOkp8WyUDET2BYw
DA:111,1,SC45KZpAwxW/6MShJE+lyQ
DA:113,1,bWJE9rYvtjetEWikT6aCLw
DA:114,1,G24q1djOxYcQyC0qQWiMig
DA:115,1,mOnaGhQVkVX9fl583kPKtg
DA:118,1,KjOs2+1o96fliXYQjK+xfw
DA:124,1,T9qr68t7j6BNw1dz4wsVGg
DA:133,1,8pHyZmwpjtAInQMYAAW8hA
DA:139,1,GcHtu6ZlsyJWgXWwMXgNrg
DA:140,1,GYta9035QuE1m63qFxI6Yg
DA:141,1,lNU09EtSaMmPjF3gI1u9jQ
DA:142,1,LFIN1ZpremFgTkAlp34+cg
DA:143,1,ZBRm8hD1/mSfPHdXfVktyQ
DA:145,1,pV8pRhB7V9VeA4Re/x3/GA
DA:152,1,FtLA8ZUumOvTQMXlWdnquw
DA:165,1,yezSTDtjm3WewRRhcsHeEA
DA:166,1,1irxUhbA0XpKqJBEgzIthg
DA:167,1,68VUuAkfObhrSzdOBZiUCw
DA:169,1,alOYXOgcRZtInn9U/OUlmA
DA:173,1,9mlULvX5ZRydZRS/7vW9Lg
DA:186,1,/iX7bCOhv2+Ty7xOaLaCaQ
DA:193,1,p1hkJGzD75kBCCHLxOnDaA
DA:38,0,0vkr2uFs9fS5swmdxrpFgg
DA:39,0,ixZYN8v2eh2vPTgSHgJR7w
DA:40,0,pM8ktISD8mY/qtraMCqvQA
DA:41,0,dEwdy++INyhWt48svkEvjg
DA:43,0,o6P+si/MwMGK4Rtm3onwtw
DA:46,0,SrzbEwtb/Qe7wtVKFNVTig
DA:49,0,PyLhy6crtOsd2u33oTIbEw
DA:50,0,2r+c0cfnvRfoXxg1PfcsFw
DA:52,0,5xg/d5x/DBruLB4dj7dYMQ
DA:56,0,k/QASSUUxkzsjBws7On4Tg
DA:57,0,gIS2cwqbebAUUpeUrndfMQ
DA:75,0,EOvy94h59drUemf1mebP3A
DA:78,0,M1RdKhNrQuC2SFGCD3E8mA
DA:86,0,ktdYSamybdggi9VlpMSqZQ
DA:87,0,/WU+e0WUbRqDmLLPDFia9w
DA:88,0,Zl6uVurrEfWnmL21eUzD1Q
DA:91,0,WowMSxN18iLwKYYXcE5NtQ
DA:92,0,/aFnH2p5Vv/k35lB9sNQtQ
DA:93,0,Zl6uVurrEfWnmL21eUzD1Q
DA:98,0,lOPg3dCBqHj+iDHywv0Nzw
DA:99,0,mOnaGhQVkVX9fl583kPKtg
DA:119,0,ktdYSamybdggi9VlpMSqZQ
DA:120,0,9cvYvhqgjovo/s6JPkdDHw
DA:121,0,Zl6uVurrEfWnmL21eUzD1Q
DA:125,0,Kpoeds7XVgzXKo85VCWz8Q
DA:126,0,VitwonCP7AFJmMc0q/K/aA
DA:127,0,ZYaX8DOayPFBXbjKvt8P4A
DA:128,0,TboP4gaNERq9KDRzrPcNww
DA:129,0,ptMDqUkrv8R1vKBvjndMKQ
DA:134,0,XNuCEzdJ+9YOyOejdFhCuQ
DA:135,0,p0A3InY9hES+PbqiGBRmJg
DA:136,0,mK2p59NXqnsVTpukSBS4ww
DA:137,0,RlvTRiM8Z/76Hcj/utaRhA
DA:146,0,BQ82iR2s1sMQzDqmcAa8/w
DA:147,0,p0A3InY9hES+PbqiGBRmJg
DA:148,0,mK2p59NXqnsVTpukSBS4ww
DA:149,0,LFIN1ZpremFgTkAlp34+cg
DA:150,0,wPOp7vV03RkHqUqDZqaJ2g
DA:154,0,TXI9vTh+NOvOPCZZdP1u6A
DA:155,0,0OEyuoSYE8lVfAcF2OX/pQ
DA:156,0,PpuU1FproyGmaYY94kkGlA
DA:157,0,5iQeLyzXl04YOaz3dU0G7Q
DA:158,0,G4mUm87XsuYm7ORgqqwQmA
DA:159,0,GPydf3vycgrKdhocxIMTlg
DA:160,0,aPfxN8dhyC5ie7p63dP71Q
DA:161,0,G4mUm87XsuYm7ORgqqwQmA
DA:163,0,FF7KHL+4DML6pqKAcYUVIw
DA:170,0,yJHQh1qq0oCw6s5FXEaEYQ
DA:171,0,cTyTB1gW8lsy2HTFEwNNyQ
DA:174,0,KrEHT6h16GJJWy5HNXrY4w
DA:175,0,JPvnOEuoMLt+msW+DUwPhw
DA:176,0,vtsJ27tgsIS8MR2ZYg0yog
DA:177,0,QEWooIS+/qzJuZG0Rj76Yw
DA:178,0,RyvCyTRsXLN2IZpx9i05Kg
DA:179,0,9o1Uyp5YA1mra3ik9MRGbw
DA:180,0,DcqhW5j1dKxctRcaYsQvfQ
DA:181,0,NAylKeOyH80Po5e4MhlEfg
DA:182,0,h5MBbDhJ6jxah5e3vZGtwA
DA:183,0,MHY0CEnqltZUA/d2VMCcFA
DA:184,0,D3cT8HO47nEtBhGe10BXPw
DA:187,0,JXTgpr8RwZn2AH5neHBWfg
DA:188,0,0xmYuhfjlWxEQarygr4E0w
DA:189,0,a19/URoK8SGz57pxp3RlQg
DA:190,0,sVPUmVnOYeVsAD/FRNrNAA
DA:191,0,BQYGdILk5T8FypN4d7iyOw
DA:194,0,EA6RM+W1FxGQD8inVHn5fg
DA:195,0,lHPeDEzuCy+ny9yOHVlGpA
DA:196,0,2hJ6JR7RxFfAdFcisiREJQ
DA:197,0,t4l1BNFpFETCCQhV1MBcDQ
DA:198,0,/n3zWZOTA3OIE45K/tIAKA
DA:199,0,AexTfISHsWDuRw3/PziRhQ
LF:137
LH:67
end_of_record
TN:
SF:src/splex/filtrations/__init__.py
DA:1,1,TSgkwlHodTHk2PgH6mu/uA
DA:2,1,IdpeRHMIlFZeVgvkGiqqBw
DA:4,1,zRhM8WFqh1wy5gGtX4oKLQ
DA:5,1,gAaMaPtYSzXULX1XdTX5sw
DA:6,1,4WDD/XBTPV8uLxg6uTLQaA
DA:7,1,STFMCpf9hBJdaEuJiQgVqg
DA:12,1,YCk8ki76BCVCxXHjD/zw/g
DA:8,0,7hgL76xbHJakB48rtVgCWg
DA:9,0,MIdzBYNIitqNcY1fhE/itA
DA:11,0,EgHD4AgxVeEHodO/NH+mnA
LF:10
LH:7
end_of_record
TN:
SF:src/splex/generics.py
DA:2,1,78zRESXnFoatK9wPfSXlHA
DA:3,1,rJnrVpNntKuBoOmsk/n9EQ
DA:4,1,/whxpQ5sRbITb2ImQ+utpA
DA:8,1,Zu1Omqp+KHSuqlvAsrN9hA
DA:9,1,TKGZe6/3AVJjekbjfSmsTw
DA:10,1,65A6UUKQsa6PjT0ABwEMKw
DA:12,1,iLarHg4+m3GehP07ZwDwqQ
DA:14,1,fLK1zPAm3/NjhvIUq3IwPw
DA:16,1,AyxPWcHSxVyyoztbr3de4g
DA:32,1,mxsJxnOqbdSdtmCYM1RCFw
DA:43,1,dk1ip3IFLLOBDacktJ9Sow
DA:44,1,gs1ovSytOGKlAC4wn20FpQ
DA:45,1,Y0EvUJQBKe+2qCFV4HGzlQ
DA:47,1,OkeK04UM7BELucD8mdgkhg
DA:48,1,t2X17OK5SH4TX6okhxqd9Q
DA:49,1,8Ia2MPlSeiHMiHoaNezcQA
DA:50,1,2v9IXLdEAF5pIUIotStRFA
DA:51,1,0r4BA3LwDP2k9VGB7/mqLw
DA:52,1,+/Daw8/Dn62ZowWa0RiOEw
DA:56,1,trCH99ZS/mClG8ffwj6aEg
DA:57,1,0r4BA3LwDP2k9VGB7/mqLw
DA:58,1,tfnAsZVFm5iTs8khXk2YHQ
DA:65,1,8m+fSDXoVoBwR7RKU0Q8Cg
DA:28,0,Qaw7McLl7If80dWLHx3PYw
DA:29,0,S9AnUpaNr6UagE/uEGVVmg
DA:30,0,oXwEMF6hVGay0Hs4MB82Ew
DA:46,0,F/A6biChkWUo0GWRfQOCmA
DA:54,0,Gr7LEQRwZCbiVPNiuSOoGA
DA:60,0,pY6aylfLprPf3J9i108fTQ
DA:61,0,GG866pFLAvuO/8fdITiwOw
DA:63,0,gIaJ6qDHz/OO1dJO09xhlA
DA:66,0,yAVRby8kGKb82NtYeJsTWA
DA:67,0,CMrwuiDwWowXz2o3s1qy/g
DA:69,0,Yv7IZECWEE8TJllqgz+dAw
DA:70,0,ENaMM3LkH5elzc6rH/Wp+Q
DA:71,0,yiySA0F9C/Zdw2Lr46EIow
DA:72,0,kOzo5Uw7exX+nA4H/rvrbg
DA:74,0,sbirH2jl0EzougLL5AKUbw
DA:75,0,fq2ltQwWVwEVGk2Sp8NLBg
LF:39
LH:23
end_of_record
TN:
SF:src/splex/geometry.py
DA:1,1,IWWjrCeOtk8NNtrE95++2g
DA:2,1,UpcDH4Nf4syoZrTcUNvlvg
DA:4,1,hvSHgvaGYv3ICmdrQvIRDg
DA:5,1,hd/ZdgQkIWFXtb8f6HkUdA
DA:6,1,OC8LCD/Z+lRC9nVUJegFMw
DA:7,1,zDeM36AWdzSNVyAJIAxHKA
DA:8,1,FsNGgQF+PdOr26ymQuWdEg
DA:10,1,t64gcneBc3Kd7sUWrcDDwA
DA:11,1,f/s4jCIf25PRXu9/NcxjqQ
DA:12,1,1q6qzLaqZWOzz/tg2wmlZQ
DA:13,1,Isw/ZV7rYWJm0OiF6cmXmA
DA:14,1,o/ZLNjPSVJ5oN98HrqWx2g
DA:17,1,0Wv6fnoT6Rzexditznx4fw
DA:19,1,+NyunH6ousBS0jAHEtYUsQ
DA:31,1,nmfEjp/qRPxB1s5aj4lwYA
DA:39,1,8bR7MOBCdh4MMA6YxtoYHw
DA:40,1,W0luH2aFxwpaFBqcafwlOA
DA:41,1,MpHINSJuJRMooBxdiB/lUw
DA:42,1,Np1vAA2Z9dlPuoZGMrWOUA
DA:43,1,XUMBmU7OVBQ9tlS0YftcjQ
DA:44,1,zRmzPSSxvemVmztL67HZRA
DA:45,1,SyTFwx4OBhaUtks9Qj96tA
DA:46,1,V9dL9tZxBt9PFgyBnZqR4g
DA:47,1,/dDcNKA5nA90bRHLHXLXLw
DA:48,1,3SMa4qGh1+529TQUMadSdw
DA:51,1,61DXR8o8TsiPTl0/VAQ/Ig
DA:53,1,OsRfEcZl5ELYs9FWUbSHSg
DA:54,1,W0luH2aFxwpaFBqcafwlOA
DA:55,1,8IjrCBb72F3hXzNerYUMzQ
DA:56,1,uXHof+sv2SthRTxtQc93rA
DA:57,1,bJI05u0uBe3DinWs0tngZw
DA:58,1,lHKT77XAWfkEGS2IQxezNQ
DA:59,1,zSVYuo4dR93QKe1MhdJb4g
DA:60,1,0HvIdrHOKfTCD6/v3WT0wQ
DA:61,1,ZNq2IfaiAXylMLBT3IXcbw
DA:62,1,5Qua7LtwJeiKSj+R4nVT2g
DA:64,1,HylxqtiSk441Y4gQcbiwtA
DA:16,0,2hstTQtyFwEM4mPj/VjyBA
DA:21,0,f/s4jCIf25PRXu9/NcxjqQ
DA:22,0,vmJdsA1oloRXAuziq2eldg
DA:23,0,rQIk4CAHoaxCUzbnLaxCuA
DA:24,0,Isw/ZV7rYWJm0OiF6cmXmA
DA:25,0,8owks2dK9kuAkmB7QqjHTg
DA:26,0,+ypnwY4LPtaEKr7Amv1Z3A
DA:27,0,rQIk4CAHoaxCUzbnLaxCuA
DA:29,0,VOyfGDVGR970DxaACS/TcA
DA:32,0,6+R+gXbL/CpMd6YkGszMmA
DA:33,0,8IjrCBb72F3hXzNerYUMzQ
DA:34,0,uXHof+sv2SthRTxtQc93rA
DA:35,0,bJI05u0uBe3DinWs0tngZw
DA:36,0,lHKT77XAWfkEGS2IQxezNQ
DA:37,0,tejXS9E+oqm8519P+Fx8hg
DA:50,0,FS0YR6qEBoVLoa25K3OEjg
DA:65,0,lBvb0K0U+NVRUmGC+zIsIg
DA:66,0,L/2EfvjjnRCe50lBaUcdFw
DA:67,0,wgKF+kPeDx6ZueZOAOnYZA
DA:68,0,T3meCvWwigVT2XlLZsyCRQ
DA:69,0,rMB1DT+6XLJgnrgJfsfWnA
DA:70,0,z6Ovl0rA2NNVY1nB0p5JkQ
LF:59
LH:37
end_of_record
TN:
SF:src/splex/meta.py
DA:4,1,ydCxunymauVRdfWlNGpIBA
DA:5,1,Nf/dQDXNBO4gl+IkH/yMhw
DA:6,1,lwROLWMrFjknuHBoj/cydA
DA:7,1,WfTaFwN0krQSA6/wBXlcjQ
DA:8,1,iumP6Bv9UC+HvQIk8iPjHg
DA:9,1,xnZyPN758QnpFynKLHCpEg
DA:10,1,FCvNLqQKu7KvofRLV0PUMg
DA:11,1,2aLuUV2ERVymerg31E+hzw
DA:13,1,78zRESXnFoatK9wPfSXlHA
DA:16,1,sj0g5kGJcRhnoOL6rxtBfA
DA:20,1,l3kBFSVu/d8NVGQe3t/Evw
DA:21,1,s1yu+KmX1KoOWfa+bhyBEA
DA:22,1,QZK6dhGKUBiqlot2AfjvPQ
DA:26,1,z/nag1ZndIgHxoQBqczhUA
DA:28,1,l3kBFSVu/d8NVGQe3t/Evw
DA:29,1,oQUlyCjLsyFIOYtgRyVgfg
DA:30,1,RiVJlgFDsKtnPgPJeH0sKw
DA:31,1,QQIYj0KjHKU5Lnvwb0cDWg
DA:35,1,l3kBFSVu/d8NVGQe3t/Evw
DA:36,1,lV/BCFmsalc/+SXBdJcZFA
DA:37,1,d0u+kKKc4T67pqvaBMB/PQ
DA:43,1,PUh7YO3cpf+dw7AmnzMLzg
DA:46,1,l3kBFSVu/d8NVGQe3t/Evw
DA:47,1,xJFAewCBfuudCYE5Npsr7Q
DA:48,1,8b29+CZdLK3vs0HQ9esjxQ
DA:52,1,qMLp1OhSVs3MgNYFEYQe+w
DA:55,1,l3kBFSVu/d8NVGQe3t/Evw
DA:56,1,ZTkm7srzpeY0ibluOy/PGA
DA:57,1,9pV+iiohu+zTK1BjyTebTg
DA:61,1,Lo6GMvZSO8miTvFGVDoVyA
DA:63,1,qcfLuQhU+2CmnWZW7lrrbQ
DA:65,1,vtAoOVn6FtvF90rnCDsc/g
DA:67,1,r7ulmnqUC+IiCf6TZoBJsQ
DA:69,1,u2vxl4T4zz/BYpR5J5UELg
DA:32,0,TEi+0M7cpu9ojK38SBvXGg
DA:44,0,TEi+0M7cpu9ojK38SBvXGg
DA:53,0,TEi+0M7cpu9ojK38SBvXGg
DA:62,0,PdeqDqr4bOft68ON3+/7kg
DA:64,0,GMGaStA3boYp9H9aOxNu3w
DA:66,0,PdeqDqr4bOft68ON3+/7kg
DA:68,0,PdeqDqr4bOft68ON3+/7kg
DA:70,0,BpGSvpYIY/cJG4kw001uig
LF:37
LH:34
end_of_record
TN:
SF:src/splex/predicates.py
DA:1,1,Aj6awQVN9Y6YHMf/11x9eQ
DA:2,1,78zRESXnFoatK9wPfSXlHA
DA:3,1,lwROLWMrFjknuHBoj/cydA
DA:4,1,bs8KvHXcuEw8viCDwF16bg
DA:6,1,lwVggBup3lmLvv247ddv1A
DA:8,1,mmOp69qbdXppE/7ygbnCbQ
DA:9,1,kTRs7J/cQbVUwAxfO93ewA
DA:11,1,jXnwJ+i5WeBDVBA98U94aA
DA:13,1,qbVZV5CIdm5wcPL/RabpmQ
DA:14,1,a3EPmeufkYUq9PBkDkX9gA
DA:15,1,omyw+X3zCTL+lObaiO9uqw
DA:17,1,NxYX8qoBTxnnv9AXuy3PpA
DA:19,1,aYs9/shYkFk0mYOPqFugeg
DA:20,1,Mw/oUhA/H06Jtpa95xGpPQ
DA:21,1,pRSzN+QOpAVZTRkE6OZLTw
DA:22,1,c2z52RScZJFHPJrWILLclQ
DA:24,1,Lsvje20evQo5Scacm/iNyQ
DA:26,1,WHuQHDri0/Y1XhGyiT10DQ
DA:28,1,XPmOOlMZTt9kluTwvYBlFg
DA:41,1,03HM8iGklOk0TqhJFB3JRA
DA:42,1,eTVsJFs7+W5CksRNpfkQGw
DA:44,1,NlaFmeYNmbdwqH7/SRjwSQ
DA:29,0,IAihFhfHk5UG5yApcChTKg
DA:30,0,YMhuw1WFkPraowYYCAIjVA
DA:31,0,Xpe+kyGQWLCPvRCJWtLGiw
DA:32,0,b0gQSoeCcQTCFaL06NasIg
DA:33,0,Z0dThiXVExCRlETURrQYPg
DA:34,0,PBp2XAWmfLxL8zwCV01UBQ
DA:35,0,vyXqCjzLGxXoYGW438CQ2A
DA:36,0,7e8xM98YqMLgGSrSKnqCXw
DA:37,0,oNYNj8qMIogSpBV9viXK/w
DA:39,0,SzkvPInHJytoYLJlInnGUw
DA:45,0,eDGFtaw/IGeKHg15GhqHkQ
LF:33
LH:22
end_of_record
TN:
SF:src/splex/sparse.py
DA:1,1,78zRESXnFoatK9wPfSXlHA
DA:2,1,FCvNLqQKu7KvofRLV0PUMg
DA:3,1,mWbyl2R0AI/B+MCC9iQ1Sw
DA:4,1,2OE65XDqv2ImhtUL4rj/og
DA:5,1,hvSHgvaGYv3ICmdrQvIRDg
DA:6,1,FsNGgQF+PdOr26ymQuWdEg
DA:9,1,vVjuuAolCPBeX8U7mzMSAQ
DA:12,1,F3DSHo+hXAsFCQjHfDNp9A
DA:13,1,awx8Y3CK3MtPuz1Gw//a0Q
DA:14,1,Fmavo4TzdDN1jwNfzsO2fQ
DA:17,1,MYrFRP+gSqtre6oObznJEw
DA:20,1,tru4TCqVKKhsvPpqoktZEw
DA:21,1,9O6o4Z/TO8dcsmIj/D6wSw
DA:22,1,G+vy6IzX4KJNGx7aET0HnQ
DA:23,1,CRnKbcAsty3lf5+aTi+d0g
DA:24,1,PcfqGuwEBgh4teMsX9hc2A
DA:25,1,n80gx9FzKNidHSTYifXWrw
DA:26,1,yek5KqrUhlVyJncjZIPnKg
DA:27,1,onO7zJ34cnlPeWutInP8sQ
DA:28,1,lm0o2+chLt+A/61oIqvm+A
DA:29,1,jMo5J2X/XefFif7fbf/vWg
DA:42,1,944L8JarLwp1ciT6gpdyfQ
DA:49,1,8psEhm3S2v+nkhK8HOU28g
DA:52,1,GuBVDijhBPK7y0uxFZuUJQ
DA:53,1,50AZoxsLD7IriCdXFh9p2g
DA:54,1,K7ZMwQnMT4ULHvX9c12Fgw
DA:55,1,gwm2cm8ak2qpQ5LkWlYo2Q
DA:56,1,0kgQ8gfD3wIew394igoihQ
DA:61,1,6xZH5jFd9Itr1iTbqh736w
DA:50,0,8FH73AgbOWbPaB6r1tvsHQ
DA:58,0,39ItmlhP6yJuaLZ9kh8zGA
DA:59,0,SnSMTQxHn3YRWyP6u2hJGQ
DA:60,0,piX49+nJ61VLZ6WC/av/5A
LF:33
LH:29
end_of_record
